<?xml version="1.0" encoding="UTF-8"?>
<testng-results ignored="0" total="1" passed="1" failed="0" skipped="0">
  <reporter-output>
  </reporter-output>
  <suite started-at="2025-12-29T16:01:04 IST" name="Default suite" finished-at="2025-12-29T16:01:08 IST" duration-ms="4550">
    <groups>
    </groups>
    <test started-at="2025-12-29T16:01:04 IST" name="Default test" finished-at="2025-12-29T16:01:08 IST" duration-ms="4550">
      <class name="tests.LoginTest">
        <test-method is-config="true" signature="setupTest()[pri:0, instance:tests.LoginTest@4116aac9]" started-at="2025-12-29T16:01:04 IST" name="setupTest" finished-at="2025-12-29T16:01:07 IST" duration-ms="3462" status="PASS">
          <reporter-output>
          </reporter-output>
        </test-method> <!-- setupTest -->
        <test-method signature="testLoginUsingExcel()[pri:0, instance:tests.LoginTest@4116aac9]" started-at="2025-12-29T16:01:07 IST" name="testLoginUsingExcel" finished-at="2025-12-29T16:01:08 IST" duration-ms="697" status="PASS">
          <reporter-output>
          </reporter-output>
        </test-method> <!-- testLoginUsingExcel -->
        <test-method is-config="true" signature="tearDown()[pri:0, instance:tests.LoginTest@4116aac9]" started-at="2025-12-29T16:01:08 IST" name="tearDown" finished-at="2025-12-29T16:01:08 IST" duration-ms="361" status="PASS">
          <reporter-output>
          </reporter-output>
        </test-method> <!-- tearDown -->
      </class> <!-- tests.LoginTest -->
    </test> <!-- Default test -->
  </suite> <!-- Default suite -->
</testng-results>
